# JRE version: Java(TM) SE Runtime Environment (8.0_51-b16) (build 1.8.0_51-b16)
# Java VM: Java HotSpot(TM) 64-Bit Server VM (25.51-b03 mixed mode windows-amd64 compressed oops)
Heap:
 PSYoungGen      total 319488K, used 91776K [0x00000000eab00000, 0x00000000fff00000, 0x0000000100000000)
  eden space 289792K, 31% used [0x00000000eab00000,0x00000000f04a03a0,0x00000000fc600000)
  from space 29696K, 0% used [0x00000000fc600000,0x00000000fc600000,0x00000000fe300000)
  to   space 27648K, 0% used [0x00000000fe400000,0x00000000fe400000,0x00000000fff00000)
 ParOldGen       total 137728K, used 54690K [0x00000000c0000000, 0x00000000c8680000, 0x00000000eab00000)
  object space 137728K, 39% used [0x00000000c0000000,0x00000000c3568bd0,0x00000000c8680000)
 Metaspace       used 61464K, capacity 65802K, committed 66776K, reserved 1105920K
  class space    used 8095K, capacity 9526K, committed 9984K, reserved 1048576K
GC Heap History (10 events):
Event: 19021.857 GC heap before
{Heap before GC invocations=29 (full 8):
 PSYoungGen      total 320512K, used 107112K [0x00000000eab00000, 0x0000000100000000, 0x0000000100000000)
  eden space 291840K, 36% used [0x00000000eab00000,0x00000000f139a3b0,0x00000000fc800000)
  from space 28672K, 0% used [0x00000000fe400000,0x00000000fe400000,0x0000000100000000)
  to   space 28672K, 0% used [0x00000000fc800000,0x00000000fc800000,0x00000000fe400000)
 ParOldGen       total 137728K, used 47107K [0x00000000c0000000, 0x00000000c8680000, 0x00000000eab00000)
  object space 137728K, 34% used [0x00000000c0000000,0x00000000c2e00f38,0x00000000c8680000)
 Metaspace       used 59876K, capacity 62968K, committed 66008K, reserved 1105920K
  class space    used 7830K, capacity 8971K, committed 9984K, reserved 1048576K
Event: 19021.860 GC heap after
Heap after GC invocations=29 (full 8):
 PSYoungGen      total 320512K, used 1615K [0x00000000eab00000, 0x0000000100000000, 0x0000000100000000)
  eden space 291840K, 0% used [0x00000000eab00000,0x00000000eab00000,0x00000000fc800000)
  from space 28672K, 5% used [0x00000000fc800000,0x00000000fc993c60,0x00000000fe400000)
  to   space 27648K, 0% used [0x00000000fe500000,0x00000000fe500000,0x0000000100000000)
 ParOldGen       total 137728K, used 47115K [0x00000000c0000000, 0x00000000c8680000, 0x00000000eab00000)
  object space 137728K, 34% used [0x00000000c0000000,0x00000000c2e02f38,0x00000000c8680000)
 Metaspace       used 59876K, capacity 62968K, committed 66008K, reserved 1105920K
  class space    used 7830K, capacity 8971K, committed 9984K, reserved 1048576K
}
Event: 19021.860 GC heap before
{Heap before GC invocations=30 (full 9):
 PSYoungGen      total 320512K, used 1615K [0x00000000eab00000, 0x0000000100000000, 0x0000000100000000)
  eden space 291840K, 0% used [0x00000000eab00000,0x00000000eab00000,0x00000000fc800000)
  from space 28672K, 5% used [0x00000000fc800000,0x00000000fc993c60,0x00000000fe400000)
  to   space 27648K, 0% used [0x00000000fe500000,0x00000000fe500000,0x0000000100000000)
 ParOldGen       total 137728K, used 47115K [0x00000000c0000000, 0x00000000c8680000, 0x00000000eab00000)
  object space 137728K, 34% used [0x00000000c0000000,0x00000000c2e02f38,0x00000000c8680000)
 Metaspace       used 59876K, capacity 62968K, committed 66008K, reserved 1105920K
  class space    used 7830K, capacity 8971K, committed 9984K, reserved 1048576K
Event: 19021.959 GC heap after
Heap after GC invocations=30 (full 9):
 PSYoungGen      total 320512K, used 0K [0x00000000eab00000, 0x0000000100000000, 0x0000000100000000)
  eden space 291840K, 0% used [0x00000000eab00000,0x00000000eab00000,0x00000000fc800000)
  from space 28672K, 0% used [0x00000000fc800000,0x00000000fc800000,0x00000000fe400000)
  to   space 27648K, 0% used [0x00000000fe500000,0x00000000fe500000,0x0000000100000000)
 ParOldGen       total 137728K, used 30023K [0x00000000c0000000, 0x00000000c8680000, 0x00000000eab00000)
  object space 137728K, 21% used [0x00000000c0000000,0x00000000c1d51e40,0x00000000c8680000)
 Metaspace       used 58959K, capacity 61186K, committed 66008K, reserved 1105920K
  class space    used 7524K, capacity 8324K, committed 9984K, reserved 1048576K
}
Event: 19250.003 GC heap before
{Heap before GC invocations=31 (full 9):
 PSYoungGen      total 320512K, used 291840K [0x00000000eab00000, 0x0000000100000000, 0x0000000100000000)
  eden space 291840K, 100% used [0x00000000eab00000,0x00000000fc800000,0x00000000fc800000)
  from space 28672K, 0% used [0x00000000fc800000,0x00000000fc800000,0x00000000fe400000)
  to   space 27648K, 0% used [0x00000000fe500000,0x00000000fe500000,0x0000000100000000)
 ParOldGen       total 137728K, used 30023K [0x00000000c0000000, 0x00000000c8680000, 0x00000000eab00000)
  object space 137728K, 21% used [0x00000000c0000000,0x00000000c1d51e40,0x00000000c8680000)
 Metaspace       used 59953K, capacity 62946K, committed 66008K, reserved 1105920K
  class space    used 7781K, capacity 8905K, committed 9984K, reserved 1048576K
Event: 19250.027 GC heap after
Heap after GC invocations=31 (full 9):
 PSYoungGen      total 317440K, used 18592K [0x00000000eab00000, 0x0000000100000000, 0x0000000100000000)
  eden space 289792K, 0% used [0x00000000eab00000,0x00000000eab00000,0x00000000fc600000)
  from space 27648K, 67% used [0x00000000fe500000,0x00000000ff728020,0x0000000100000000)
  to   space 29696K, 0% used [0x00000000fc600000,0x00000000fc600000,0x00000000fe300000)
 ParOldGen       total 137728K, used 30023K [0x00000000c0000000, 0x00000000c8680000, 0x00000000eab00000)
  object space 137728K, 21% used [0x00000000c0000000,0x00000000c1d51e40,0x00000000c8680000)
 Metaspace       used 59953K, capacity 62946K, committed 66008K, reserved 1105920K
  class space    used 7781K, capacity 8905K, committed 9984K, reserved 1048576K
}
Event: 19251.342 GC heap before
{Heap before GC invocations=32 (full 9):
 PSYoungGen      total 317440K, used 214034K [0x00000000eab00000, 0x0000000100000000, 0x0000000100000000)
  eden space 289792K, 67% used [0x00000000eab00000,0x00000000f69dc980,0x00000000fc600000)
  from space 27648K, 67% used [0x00000000fe500000,0x00000000ff728020,0x0000000100000000)
  to   space 29696K, 0% used [0x00000000fc600000,0x00000000fc600000,0x00000000fe300000)
 ParOldGen       total 137728K, used 30023K [0x00000000c0000000, 0x00000000c8680000, 0x00000000eab00000)
  object space 137728K, 21% used [0x00000000c0000000,0x00000000c1d51e40,0x00000000c8680000)
 Metaspace       used 61224K, capacity 65260K, committed 66776K, reserved 1105920K
  class space    used 8051K, capacity 9471K, committed 9984K, reserved 1048576K
Event: 19251.378 GC heap after
Heap after GC invocations=32 (full 9):
 PSYoungGen      total 319488K, used 8817K [0x00000000eab00000, 0x00000000fff00000, 0x0000000100000000)
  eden space 289792K, 0% used [0x00000000eab00000,0x00000000eab00000,0x00000000fc600000)
  from space 29696K, 29% used [0x00000000fc600000,0x00000000fce9c760,0x00000000fe300000)
  to   space 27648K, 0% used [0x00000000fe400000,0x00000000fe400000,0x00000000fff00000)
 ParOldGen       total 137728K, used 47716K [0x00000000c0000000, 0x00000000c8680000, 0x00000000eab00000)
  object space 137728K, 34% used [0x00000000c0000000,0x00000000c2e99110,0x00000000c8680000)
 Metaspace       used 61224K, capacity 65260K, committed 66776K, reserved 1105920K
  class space    used 8051K, capacity 9471K, committed 9984K, reserved 1048576K
}
Event: 19251.378 GC heap before
{Heap before GC invocations=33 (full 10):
 PSYoungGen      total 319488K, used 8817K [0x00000000eab00000, 0x00000000fff00000, 0x0000000100000000)
  eden space 289792K, 0% used [0x00000000eab00000,0x00000000eab00000,0x00000000fc600000)
  from space 29696K, 29% used [0x00000000fc600000,0x00000000fce9c760,0x00000000fe300000)
  to   space 27648K, 0% used [0x00000000fe400000,0x00000000fe400000,0x00000000fff00000)
 ParOldGen       total 137728K, used 47716K [0x00000000c0000000, 0x00000000c8680000, 0x00000000eab00000)
  object space 137728K, 34% used [0x00000000c0000000,0x00000000c2e99110,0x00000000c8680000)
 Metaspace       used 61224K, capacity 65260K, committed 66776K, reserved 1105920K
  class space    used 8051K, capacity 9471K, committed 9984K, reserved 1048576K
Event: 19251.853 GC heap after
Heap after GC invocations=33 (full 10):
 PSYoungGen      total 319488K, used 0K [0x00000000eab00000, 0x00000000fff00000, 0x0000000100000000)
  eden space 289792K, 0% used [0x00000000eab00000,0x00000000eab00000,0x00000000fc600000)
  from space 29696K, 0% used [0x00000000fc600000,0x00000000fc600000,0x00000000fe300000)
  to   space 27648K, 0% used [0x00000000fe400000,0x00000000fe400000,0x00000000fff00000)
 ParOldGen       total 137728K, used 54690K [0x00000000c0000000, 0x00000000c8680000, 0x00000000eab00000)
  object space 137728K, 39% used [0x00000000c0000000,0x00000000c3568bd0,0x00000000c8680000)
 Metaspace       used 61124K, capacity 64918K, committed 66776K, reserved 1105920K
  class space    used 8029K, capacity 9369K, committed 9984K, reserved 1048576K
}

