# JRE version: Java(TM) SE Runtime Environment (8.0_51-b16) (build 1.8.0_51-b16)
# Java VM: Java HotSpot(TM) 64-Bit Server VM (25.51-b03 mixed mode windows-amd64 compressed oops)
Heap:
 PSYoungGen      total 97280K, used 17320K [0x00000000eab00000, 0x00000000f3e00000, 0x0000000100000000)
  eden space 86528K, 7% used [0x00000000eab00000,0x00000000eb16b420,0x00000000eff80000)
  from space 10752K, 99% used [0x00000000eff80000,0x00000000f09fef48,0x00000000f0a00000)
  to   space 16896K, 0% used [0x00000000f2d80000,0x00000000f2d80000,0x00000000f3e00000)
 ParOldGen       total 117760K, used 11727K [0x00000000c0000000, 0x00000000c7300000, 0x00000000eab00000)
  object space 117760K, 9% used [0x00000000c0000000,0x00000000c0b73d90,0x00000000c7300000)
 Metaspace       used 28649K, capacity 29314K, committed 29440K, reserved 1075200K
  class space    used 3788K, capacity 4049K, committed 4096K, reserved 1048576K
GC Heap History (10 events):
Event: 1.476 GC heap before
{Heap before GC invocations=2 (full 0):
 PSYoungGen      total 76288K, used 62062K [0x00000000eab00000, 0x00000000f0000000, 0x0000000100000000)
  eden space 65536K, 81% used [0x00000000eab00000,0x00000000edf1eb50,0x00000000eeb00000)
  from space 10752K, 80% used [0x00000000eeb00000,0x00000000ef37ce90,0x00000000ef580000)
  to   space 10752K, 0% used [0x00000000ef580000,0x00000000ef580000,0x00000000f0000000)
 ParOldGen       total 175104K, used 16K [0x00000000c0000000, 0x00000000cab00000, 0x00000000eab00000)
  object space 175104K, 0% used [0x00000000c0000000,0x00000000c0004000,0x00000000cab00000)
 Metaspace       used 20801K, capacity 21136K, committed 21296K, reserved 1067008K
  class space    used 2835K, capacity 2930K, committed 2944K, reserved 1048576K
Event: 1.500 GC heap after
Heap after GC invocations=2 (full 0):
 PSYoungGen      total 76288K, used 10737K [0x00000000eab00000, 0x00000000f4000000, 0x0000000100000000)
  eden space 65536K, 0% used [0x00000000eab00000,0x00000000eab00000,0x00000000eeb00000)
  from space 10752K, 99% used [0x00000000ef580000,0x00000000efffc608,0x00000000f0000000)
  to   space 10752K, 0% used [0x00000000eeb00000,0x00000000eeb00000,0x00000000ef580000)
 ParOldGen       total 175104K, used 1221K [0x00000000c0000000, 0x00000000cab00000, 0x00000000eab00000)
  object space 175104K, 0% used [0x00000000c0000000,0x00000000c0131638,0x00000000cab00000)
 Metaspace       used 20801K, capacity 21136K, committed 21296K, reserved 1067008K
  class space    used 2835K, capacity 2930K, committed 2944K, reserved 1048576K
}
Event: 1.500 GC heap before
{Heap before GC invocations=3 (full 1):
 PSYoungGen      total 76288K, used 10737K [0x00000000eab00000, 0x00000000f4000000, 0x0000000100000000)
  eden space 65536K, 0% used [0x00000000eab00000,0x00000000eab00000,0x00000000eeb00000)
  from space 10752K, 99% used [0x00000000ef580000,0x00000000efffc608,0x00000000f0000000)
  to   space 10752K, 0% used [0x00000000eeb00000,0x00000000eeb00000,0x00000000ef580000)
 ParOldGen       total 175104K, used 1221K [0x00000000c0000000, 0x00000000cab00000, 0x00000000eab00000)
  object space 175104K, 0% used [0x00000000c0000000,0x00000000c0131638,0x00000000cab00000)
 Metaspace       used 20801K, capacity 21136K, committed 21296K, reserved 1067008K
  class space    used 2835K, capacity 2930K, committed 2944K, reserved 1048576K
Event: 1.553 GC heap after
Heap after GC invocations=3 (full 1):
 PSYoungGen      total 76288K, used 0K [0x00000000eab00000, 0x00000000f4000000, 0x0000000100000000)
  eden space 65536K, 0% used [0x00000000eab00000,0x00000000eab00000,0x00000000eeb00000)
  from space 10752K, 0% used [0x00000000ef580000,0x00000000ef580000,0x00000000f0000000)
  to   space 10752K, 0% used [0x00000000eeb00000,0x00000000eeb00000,0x00000000ef580000)
 ParOldGen       total 117760K, used 11563K [0x00000000c0000000, 0x00000000c7300000, 0x00000000eab00000)
  object space 117760K, 9% used [0x00000000c0000000,0x00000000c0b4adc0,0x00000000c7300000)
 Metaspace       used 20801K, capacity 21136K, committed 21296K, reserved 1067008K
  class space    used 2835K, capacity 2930K, committed 2944K, reserved 1048576K
}
Event: 1.691 GC heap before
{Heap before GC invocations=4 (full 1):
 PSYoungGen      total 76288K, used 65536K [0x00000000eab00000, 0x00000000f4000000, 0x0000000100000000)
  eden space 65536K, 100% used [0x00000000eab00000,0x00000000eeb00000,0x00000000eeb00000)
  from space 10752K, 0% used [0x00000000ef580000,0x00000000ef580000,0x00000000f0000000)
  to   space 10752K, 0% used [0x00000000eeb00000,0x00000000eeb00000,0x00000000ef580000)
 ParOldGen       total 117760K, used 11563K [0x00000000c0000000, 0x00000000c7300000, 0x00000000eab00000)
  object space 117760K, 9% used [0x00000000c0000000,0x00000000c0b4adc0,0x00000000c7300000)
 Metaspace       used 20924K, capacity 21296K, committed 21504K, reserved 1067008K
  class space    used 2842K, capacity 2962K, committed 3072K, reserved 1048576K
Event: 1.692 GC heap after
Heap after GC invocations=4 (full 1):
 PSYoungGen      total 76288K, used 564K [0x00000000eab00000, 0x00000000f1600000, 0x0000000100000000)
  eden space 65536K, 0% used [0x00000000eab00000,0x00000000eab00000,0x00000000eeb00000)
  from space 10752K, 5% used [0x00000000eeb00000,0x00000000eeb8d118,0x00000000ef580000)
  to   space 10752K, 0% used [0x00000000f0b80000,0x00000000f0b80000,0x00000000f1600000)
 ParOldGen       total 117760K, used 11563K [0x00000000c0000000, 0x00000000c7300000, 0x00000000eab00000)
  object space 117760K, 9% used [0x00000000c0000000,0x00000000c0b4adc0,0x00000000c7300000)
 Metaspace       used 20924K, capacity 21296K, committed 21504K, reserved 1067008K
  class space    used 2842K, capacity 2962K, committed 3072K, reserved 1048576K
}
Event: 1.830 GC heap before
{Heap before GC invocations=5 (full 1):
 PSYoungGen      total 76288K, used 66100K [0x00000000eab00000, 0x00000000f1600000, 0x0000000100000000)
  eden space 65536K, 100% used [0x00000000eab00000,0x00000000eeb00000,0x00000000eeb00000)
  from space 10752K, 5% used [0x00000000eeb00000,0x00000000eeb8d118,0x00000000ef580000)
  to   space 10752K, 0% used [0x00000000f0b80000,0x00000000f0b80000,0x00000000f1600000)
 ParOldGen       total 117760K, used 11563K [0x00000000c0000000, 0x00000000c7300000, 0x00000000eab00000)
  object space 117760K, 9% used [0x00000000c0000000,0x00000000c0b4adc0,0x00000000c7300000)
 Metaspace       used 21453K, capacity 21776K, committed 22016K, reserved 1069056K
  class space    used 2889K, capacity 2994K, committed 3072K, reserved 1048576K
Event: 1.832 GC heap after
Heap after GC invocations=5 (full 1):
 PSYoungGen      total 95744K, used 1616K [0x00000000eab00000, 0x00000000f1480000, 0x0000000100000000)
  eden space 86528K, 0% used [0x00000000eab00000,0x00000000eab00000,0x00000000eff80000)
  from space 9216K, 17% used [0x00000000f0b80000,0x00000000f0d141a0,0x00000000f1480000)
  to   space 10752K, 0% used [0x00000000eff80000,0x00000000eff80000,0x00000000f0a00000)
 ParOldGen       total 117760K, used 11571K [0x00000000c0000000, 0x00000000c7300000, 0x00000000eab00000)
  object space 117760K, 9% used [0x00000000c0000000,0x00000000c0b4cdc0,0x00000000c7300000)
 Metaspace       used 21453K, capacity 21776K, committed 22016K, reserved 1069056K
  class space    used 2889K, capacity 2994K, committed 3072K, reserved 1048576K
}
Event: 2.634 GC heap before
{Heap before GC invocations=6 (full 1):
 PSYoungGen      total 95744K, used 88144K [0x00000000eab00000, 0x00000000f1480000, 0x0000000100000000)
  eden space 86528K, 100% used [0x00000000eab00000,0x00000000eff80000,0x00000000eff80000)
  from space 9216K, 17% used [0x00000000f0b80000,0x00000000f0d141a0,0x00000000f1480000)
  to   space 10752K, 0% used [0x00000000eff80000,0x00000000eff80000,0x00000000f0a00000)
 ParOldGen       total 117760K, used 11571K [0x00000000c0000000, 0x00000000c7300000, 0x00000000eab00000)
  object space 117760K, 9% used [0x00000000c0000000,0x00000000c0b4cdc0,0x00000000c7300000)
 Metaspace       used 28586K, capacity 29250K, committed 29440K, reserved 1075200K
  class space    used 3788K, capacity 4049K, committed 4096K, reserved 1048576K
Event: 2.655 GC heap after
Heap after GC invocations=6 (full 1):
 PSYoungGen      total 97280K, used 10747K [0x00000000eab00000, 0x00000000f3e00000, 0x0000000100000000)
  eden space 86528K, 0% used [0x00000000eab00000,0x00000000eab00000,0x00000000eff80000)
  from space 10752K, 99% used [0x00000000eff80000,0x00000000f09fef48,0x00000000f0a00000)
  to   space 16896K, 0% used [0x00000000f2d80000,0x00000000f2d80000,0x00000000f3e00000)
 ParOldGen       total 117760K, used 11727K [0x00000000c0000000, 0x00000000c7300000, 0x00000000eab00000)
  object space 117760K, 9% used [0x00000000c0000000,0x00000000c0b73d90,0x00000000c7300000)
 Metaspace       used 28586K, capacity 29250K, committed 29440K, reserved 1075200K
  class space    used 3788K, capacity 4049K, committed 4096K, reserved 1048576K
}

