# JRE version: Java(TM) SE Runtime Environment (8.0_51-b16) (build 1.8.0_51-b16)
# Java VM: Java HotSpot(TM) 64-Bit Server VM (25.51-b03 mixed mode windows-amd64 compressed oops)
Heap:
 PSYoungGen      total 141824K, used 117263K [0x00000000eab00000, 0x00000000f4000000, 0x0000000100000000)
  eden space 131072K, 89% used [0x00000000eab00000,0x00000000f1d83e08,0x00000000f2b00000)
  from space 10752K, 0% used [0x00000000f3580000,0x00000000f3580000,0x00000000f4000000)
  to   space 10752K, 0% used [0x00000000f2b00000,0x00000000f2b00000,0x00000000f3580000)
 ParOldGen       total 96256K, used 11627K [0x00000000c0000000, 0x00000000c5e00000, 0x00000000eab00000)
  object space 96256K, 12% used [0x00000000c0000000,0x00000000c0b5ad50,0x00000000c5e00000)
 Metaspace       used 21195K, capacity 21634K, committed 21760K, reserved 1069056K
  class space    used 2887K, capacity 3017K, committed 3072K, reserved 1048576K
GC Heap History (6 events):
Event: 1.618 GC heap before
{Heap before GC invocations=1 (full 0):
 PSYoungGen      total 76288K, used 65536K [0x00000000eab00000, 0x00000000f0000000, 0x0000000100000000)
  eden space 65536K, 100% used [0x00000000eab00000,0x00000000eeb00000,0x00000000eeb00000)
  from space 10752K, 0% used [0x00000000ef580000,0x00000000ef580000,0x00000000f0000000)
  to   space 10752K, 0% used [0x00000000eeb00000,0x00000000eeb00000,0x00000000ef580000)
 ParOldGen       total 175104K, used 0K [0x00000000c0000000, 0x00000000cab00000, 0x00000000eab00000)
  object space 175104K, 0% used [0x00000000c0000000,0x00000000c0000000,0x00000000cab00000)
 Metaspace       used 12223K, capacity 12648K, committed 12800K, reserved 1060864K
  class space    used 1654K, capacity 1782K, committed 1792K, reserved 1048576K
Event: 1.656 GC heap after
Heap after GC invocations=1 (full 0):
 PSYoungGen      total 76288K, used 8225K [0x00000000eab00000, 0x00000000f4000000, 0x0000000100000000)
  eden space 65536K, 0% used [0x00000000eab00000,0x00000000eab00000,0x00000000eeb00000)
  from space 10752K, 76% used [0x00000000eeb00000,0x00000000ef308530,0x00000000ef580000)
  to   space 10752K, 0% used [0x00000000f3580000,0x00000000f3580000,0x00000000f4000000)
 ParOldGen       total 175104K, used 8K [0x00000000c0000000, 0x00000000cab00000, 0x00000000eab00000)
  object space 175104K, 0% used [0x00000000c0000000,0x00000000c0002000,0x00000000cab00000)
 Metaspace       used 12223K, capacity 12648K, committed 12800K, reserved 1060864K
  class space    used 1654K, capacity 1782K, committed 1792K, reserved 1048576K
}
Event: 8.339 GC heap before
{Heap before GC invocations=2 (full 0):
 PSYoungGen      total 76288K, used 61861K [0x00000000eab00000, 0x00000000f4000000, 0x0000000100000000)
  eden space 65536K, 81% used [0x00000000eab00000,0x00000000edf61170,0x00000000eeb00000)
  from space 10752K, 76% used [0x00000000eeb00000,0x00000000ef308530,0x00000000ef580000)
  to   space 10752K, 0% used [0x00000000f3580000,0x00000000f3580000,0x00000000f4000000)
 ParOldGen       total 175104K, used 8K [0x00000000c0000000, 0x00000000cab00000, 0x00000000eab00000)
  object space 175104K, 0% used [0x00000000c0000000,0x00000000c0002000,0x00000000cab00000)
 Metaspace       used 20769K, capacity 21148K, committed 21248K, reserved 1067008K
  class space    used 2831K, capacity 2984K, committed 3072K, reserved 1048576K
Event: 8.349 GC heap after
Heap after GC invocations=2 (full 0):
 PSYoungGen      total 141824K, used 10723K [0x00000000eab00000, 0x00000000f4000000, 0x0000000100000000)
  eden space 131072K, 0% used [0x00000000eab00000,0x00000000eab00000,0x00000000f2b00000)
  from space 10752K, 99% used [0x00000000f3580000,0x00000000f3ff8db8,0x00000000f4000000)
  to   space 10752K, 0% used [0x00000000f2b00000,0x00000000f2b00000,0x00000000f3580000)
 ParOldGen       total 175104K, used 1255K [0x00000000c0000000, 0x00000000cab00000, 0x00000000eab00000)
  object space 175104K, 0% used [0x00000000c0000000,0x00000000c0139e48,0x00000000cab00000)
 Metaspace       used 20769K, capacity 21148K, committed 21248K, reserved 1067008K
  class space    used 2831K, capacity 2984K, committed 3072K, reserved 1048576K
}
Event: 8.349 GC heap before
{Heap before GC invocations=3 (full 1):
 PSYoungGen      total 141824K, used 10723K [0x00000000eab00000, 0x00000000f4000000, 0x0000000100000000)
  eden space 131072K, 0% used [0x00000000eab00000,0x00000000eab00000,0x00000000f2b00000)
  from space 10752K, 99% used [0x00000000f3580000,0x00000000f3ff8db8,0x00000000f4000000)
  to   space 10752K, 0% used [0x00000000f2b00000,0x00000000f2b00000,0x00000000f3580000)
 ParOldGen       total 175104K, used 1255K [0x00000000c0000000, 0x00000000cab00000, 0x00000000eab00000)
  object space 175104K, 0% used [0x00000000c0000000,0x00000000c0139e48,0x00000000cab00000)
 Metaspace       used 20769K, capacity 21148K, committed 21248K, reserved 1067008K
  class space    used 2831K, capacity 2984K, committed 3072K, reserved 1048576K
Event: 8.385 GC heap after
Heap after GC invocations=3 (full 1):
 PSYoungGen      total 141824K, used 0K [0x00000000eab00000, 0x00000000f4000000, 0x0000000100000000)
  eden space 131072K, 0% used [0x00000000eab00000,0x00000000eab00000,0x00000000f2b00000)
  from space 10752K, 0% used [0x00000000f3580000,0x00000000f3580000,0x00000000f4000000)
  to   space 10752K, 0% used [0x00000000f2b00000,0x00000000f2b00000,0x00000000f3580000)
 ParOldGen       total 96256K, used 11627K [0x00000000c0000000, 0x00000000c5e00000, 0x00000000eab00000)
  object space 96256K, 12% used [0x00000000c0000000,0x00000000c0b5ad50,0x00000000c5e00000)
 Metaspace       used 20769K, capacity 21148K, committed 21248K, reserved 1067008K
  class space    used 2831K, capacity 2984K, committed 3072K, reserved 1048576K
}

